<?xml version="1.0" encoding="UTF-8"?>
<!-- Generated by org.testng.reporters.JUnitXMLReporter -->
<testsuite hostname="WINDOWS-QHBB36N" ignored="0" name="Demo" tests="7" failures="4" timestamp="2020-08-09T18:35:41 CST" time="2.947" errors="0">
  <testcase name="testSearch" time="2.355" classname="com.datacvg.cases.TestExcelWithDataProvider"/>
  <testcase name="testSearch" time="0.078" classname="com.datacvg.cases.TestExcelWithDataProvider"/>
  <testcase name="testSearch" time="0.04" classname="com.datacvg.cases.TestExcelWithDataProvider"/>
  <testcase name="testSearch" time="0.029" classname="com.datacvg.cases.TestExcelWithDataProvider">
    <failure type="java.lang.AssertionError" message="expected [true] but found []">
      <![CDATA[java.lang.AssertionError: expected [true] but found []
at com.datacvg.utils.RequestUtils.allGet(RequestUtils.java:127)
at com.datacvg.utils.RequestUtils.httpRequest(RequestUtils.java:32)
at com.datacvg.cases.TestExcelWithDataProvider.testSearch(TestExcelWithDataProvider.java:90)
at java.util.ArrayList.forEach(ArrayList.java:1257)
at com.datacvg.cases.TestNGRun.main(TestNGRun.java:24)
... Removed 29 stack frames]]>
    </failure>
  </testcase> <!-- testSearch -->
  <testcase name="testSearch" time="0.002" classname="com.datacvg.cases.TestExcelWithDataProvider">
    <failure type="java.lang.IllegalArgumentException" message="Illegal character in query at index 48: http://192.168.2.76:9108/api/datacvg/user/login?{&amp;quot;loginName&amp;quot;:&amp;quot;admin78&amp;quot;,&amp;quot;passWord&amp;quot;:&amp;quot;123457&amp;quot;}">
      <![CDATA[java.lang.IllegalArgumentException: Illegal character in query at index 48: http://192.168.2.76:9108/api/datacvg/user/login?{"loginName":"admin78","passWord":"123457"}
at java.net.URI.create(URI.java:852)
at org.apache.http.client.methods.HttpGet.<init>(HttpGet.java:69)
at com.datacvg.utils.RequestUtils.allGet(RequestUtils.java:96)
at com.datacvg.utils.RequestUtils.httpRequest(RequestUtils.java:32)
at com.datacvg.cases.TestExcelWithDataProvider.testSearch(TestExcelWithDataProvider.java:90)
at java.util.ArrayList.forEach(ArrayList.java:1257)
at com.datacvg.cases.TestNGRun.main(TestNGRun.java:24)
Caused by: java.net.URISyntaxException: Illegal character in query at index 48: http://192.168.2.76:9108/api/datacvg/user/login?{"loginName":"admin78","passWord":"123457"}
at java.net.URI$Parser.fail(URI.java:2848)
at java.net.URI$Parser.checkChars(URI.java:3021)
at java.net.URI$Parser.parseHierarchical(URI.java:3111)
at java.net.URI$Parser.parse(URI.java:3053)
at java.net.URI.<init>(URI.java:588)
at java.net.URI.create(URI.java:850)
... 30 more
... Removed 24 stack frames]]>
    </failure>
  </testcase> <!-- testSearch -->
  <testcase name="testSearch" time="0.016" classname="com.datacvg.cases.TestExcelWithDataProvider">
    <failure type="java.lang.AssertionError" message="expected [true] but found []">
      <![CDATA[java.lang.AssertionError: expected [true] but found []
at com.datacvg.utils.RequestUtils.allPost(RequestUtils.java:76)
at com.datacvg.utils.RequestUtils.httpRequest(RequestUtils.java:30)
at com.datacvg.cases.TestExcelWithDataProvider.testSearch(TestExcelWithDataProvider.java:90)
at java.util.ArrayList.forEach(ArrayList.java:1257)
at com.datacvg.cases.TestNGRun.main(TestNGRun.java:24)
... Removed 29 stack frames]]>
    </failure>
  </testcase> <!-- testSearch -->
  <testcase name="testSearch" time="0.023" classname="com.datacvg.cases.TestExcelWithDataProvider">
    <failure type="java.lang.AssertionError" message="expected [true] but found []">
      <![CDATA[java.lang.AssertionError: expected [true] but found []
at com.datacvg.utils.RequestUtils.allPost(RequestUtils.java:76)
at com.datacvg.utils.RequestUtils.httpRequest(RequestUtils.java:30)
at com.datacvg.cases.TestExcelWithDataProvider.testSearch(TestExcelWithDataProvider.java:90)
at java.util.ArrayList.forEach(ArrayList.java:1257)
at com.datacvg.cases.TestNGRun.main(TestNGRun.java:24)
... Removed 29 stack frames]]>
    </failure>
  </testcase> <!-- testSearch -->
</testsuite> <!-- Demo -->
