<?xml version="1.0" encoding="UTF-8" ?>
<testsuite tests="7" failures="4" name="TestSuite" time="7.043" errors="0" skipped="0">
  <properties>
[...]
</properties>
  <testcase classname="com.datacvg.cases.TestExcelWithDataProvider" name="testSearch" time="2.313"/>
  <testcase classname="com.datacvg.cases.TestExcelWithDataProvider" name="testSearch" time="0.106"/>
  <testcase classname="com.datacvg.cases.TestExcelWithDataProvider" name="testSearch" time="0.095"/>
  <testcase classname="com.datacvg.cases.TestExcelWithDataProvider" name="testSearch" time="0.039">
    <failure message="expected [true] but found []" type="java.lang.AssertionError">java.lang.AssertionError: expected [true] but found []
	at org.testng.Assert.fail(Assert.java:97)
	at org.testng.Assert.assertEqualsImpl(Assert.java:136)
	at org.testng.Assert.assertEquals(Assert.java:118)
	at org.testng.Assert.assertEquals(Assert.java:575)
	at org.testng.Assert.assertEquals(Assert.java:585)
	at com.datacvg.utils.RequestUtils.allGet(RequestUtils.java:127)
	at com.datacvg.utils.RequestUtils.httpRequest(RequestUtils.java:32)
	at com.datacvg.cases.TestExcelWithDataProvider.testSearch(TestExcelWithDataProvider.java:90)
</failure>
  </testcase>
  <testcase classname="com.datacvg.cases.TestExcelWithDataProvider" name="testSearch" time="0.008">
    <failure message="Illegal character in query at index 48: http://192.168.2.76:9108/api/datacvg/user/login?{&quot;loginName&quot;:&quot;admin78&quot;,&quot;passWord&quot;:&quot;123457&quot;}" type="java.lang.IllegalArgumentException">java.lang.IllegalArgumentException: Illegal character in query at index 48: http://192.168.2.76:9108/api/datacvg/user/login?{&quot;loginName&quot;:&quot;admin78&quot;,&quot;passWord&quot;:&quot;123457&quot;}
	at java.net.URI.create(URI.java:852)
	at org.apache.http.client.methods.HttpGet.&lt;init&gt;(HttpGet.java:69)
	at com.datacvg.utils.RequestUtils.allGet(RequestUtils.java:96)
	at com.datacvg.utils.RequestUtils.httpRequest(RequestUtils.java:32)
	at com.datacvg.cases.TestExcelWithDataProvider.testSearch(TestExcelWithDataProvider.java:90)
Caused by: java.net.URISyntaxException: Illegal character in query at index 48: http://192.168.2.76:9108/api/datacvg/user/login?{&quot;loginName&quot;:&quot;admin78&quot;,&quot;passWord&quot;:&quot;123457&quot;}
	at java.net.URI$Parser.fail(URI.java:2848)
	at java.net.URI$Parser.checkChars(URI.java:3021)
	at java.net.URI$Parser.parseHierarchical(URI.java:3111)
	at java.net.URI$Parser.parse(URI.java:3053)
	at java.net.URI.&lt;init&gt;(URI.java:588)
	at java.net.URI.create(URI.java:850)
	... 41 more
</failure>
  </testcase>
  <testcase classname="com.datacvg.cases.TestExcelWithDataProvider" name="testSearch" time="0.027">
    <failure message="expected [true] but found []" type="java.lang.AssertionError">java.lang.AssertionError: expected [true] but found []
	at org.testng.Assert.fail(Assert.java:97)
	at org.testng.Assert.assertEqualsImpl(Assert.java:136)
	at org.testng.Assert.assertEquals(Assert.java:118)
	at org.testng.Assert.assertEquals(Assert.java:575)
	at org.testng.Assert.assertEquals(Assert.java:585)
	at com.datacvg.utils.RequestUtils.allPost(RequestUtils.java:76)
	at com.datacvg.utils.RequestUtils.httpRequest(RequestUtils.java:30)
	at com.datacvg.cases.TestExcelWithDataProvider.testSearch(TestExcelWithDataProvider.java:90)
</failure>
  </testcase>
  <testcase classname="com.datacvg.cases.TestExcelWithDataProvider" name="testSearch" time="0.061">
    <failure message="expected [true] but found []" type="java.lang.AssertionError">java.lang.AssertionError: expected [true] but found []
	at org.testng.Assert.fail(Assert.java:97)
	at org.testng.Assert.assertEqualsImpl(Assert.java:136)
	at org.testng.Assert.assertEquals(Assert.java:118)
	at org.testng.Assert.assertEquals(Assert.java:575)
	at org.testng.Assert.assertEquals(Assert.java:585)
	at com.datacvg.utils.RequestUtils.allPost(RequestUtils.java:76)
	at com.datacvg.utils.RequestUtils.httpRequest(RequestUtils.java:30)
	at com.datacvg.cases.TestExcelWithDataProvider.testSearch(TestExcelWithDataProvider.java:90)
</failure>
  </testcase>
</testsuite>